WARNING:werkzeug: * Debugger is active!
INFO:werkzeug: * Debugger PIN: 112-573-005
INFO:werkzeug:127.0.0.1 - - [15/Aug/2024 16:20:00] "[35m[1mGET / HTTP/1.1[0m" 500 -
INFO:werkzeug:127.0.0.1 - - [15/Aug/2024 16:20:00] "GET /?__debugger__=yes&cmd=resource&f=debugger.js HTTP/1.1" 200 -
INFO:werkzeug:127.0.0.1 - - [15/Aug/2024 16:20:00] "GET /?__debugger__=yes&cmd=resource&f=style.css HTTP/1.1" 200 -
INFO:werkzeug:127.0.0.1 - - [15/Aug/2024 16:20:00] "GET /?__debugger__=yes&cmd=resource&f=console.png HTTP/1.1" 200 -
INFO:werkzeug:127.0.0.1 - - [15/Aug/2024 16:20:00] "[36mGET /?__debugger__=yes&cmd=resource&f=console.png HTTP/1.1[0m" 304 -
INFO:werkzeug:127.0.0.1 - - [15/Aug/2024 16:21:35] "[35m[1mGET / HTTP/1.1[0m" 500 -
INFO:werkzeug:127.0.0.1 - - [15/Aug/2024 16:21:35] "[36mGET /?__debugger__=yes&cmd=resource&f=style.css HTTP/1.1[0m" 304 -
INFO:werkzeug:127.0.0.1 - - [15/Aug/2024 16:21:35] "[36mGET /?__debugger__=yes&cmd=resource&f=debugger.js HTTP/1.1[0m" 304 -
INFO:werkzeug:127.0.0.1 - - [15/Aug/2024 16:21:35] "[36mGET /?__debugger__=yes&cmd=resource&f=console.png HTTP/1.1[0m" 304 -
INFO:werkzeug:127.0.0.1 - - [15/Aug/2024 16:21:35] "[36mGET /?__debugger__=yes&cmd=resource&f=console.png HTTP/1.1[0m" 304 -
INFO:werkzeug:127.0.0.1 - - [15/Aug/2024 16:21:38] "[35m[1mGET / HTTP/1.1[0m" 500 -
INFO:werkzeug:127.0.0.1 - - [15/Aug/2024 16:21:38] "[36mGET /?__debugger__=yes&cmd=resource&f=style.css HTTP/1.1[0m" 304 -
INFO:werkzeug:127.0.0.1 - - [15/Aug/2024 16:21:38] "[36mGET /?__debugger__=yes&cmd=resource&f=debugger.js HTTP/1.1[0m" 304 -
INFO:werkzeug:127.0.0.1 - - [15/Aug/2024 16:21:38] "[36mGET /?__debugger__=yes&cmd=resource&f=console.png HTTP/1.1[0m" 304 -
INFO:werkzeug:127.0.0.1 - - [15/Aug/2024 16:21:38] "[36mGET /?__debugger__=yes&cmd=resource&f=console.png HTTP/1.1[0m" 304 -
INFO:werkzeug:[31m[1mWARNING: This is a development server. Do not use it in a production deployment. Use a production WSGI server instead.[0m
 * Running on http://127.0.0.1:5000
INFO:werkzeug:[33mPress CTRL+C to quit[0m
INFO:werkzeug: * Restarting with stat
WARNING:werkzeug: * Debugger is active!
INFO:werkzeug: * Debugger PIN: 112-573-005
INFO:werkzeug:127.0.0.1 - - [15/Aug/2024 16:28:35] "[35m[1mGET / HTTP/1.1[0m" 500 -
INFO:werkzeug:127.0.0.1 - - [15/Aug/2024 16:28:36] "[36mGET /?__debugger__=yes&cmd=resource&f=style.css HTTP/1.1[0m" 304 -
INFO:werkzeug:127.0.0.1 - - [15/Aug/2024 16:28:36] "[36mGET /?__debugger__=yes&cmd=resource&f=debugger.js HTTP/1.1[0m" 304 -
INFO:werkzeug:127.0.0.1 - - [15/Aug/2024 16:28:36] "[36mGET /?__debugger__=yes&cmd=resource&f=console.png HTTP/1.1[0m" 304 -
INFO:werkzeug:127.0.0.1 - - [15/Aug/2024 16:28:36] "[36mGET /?__debugger__=yes&cmd=resource&f=console.png HTTP/1.1[0m" 304 -
INFO:werkzeug: * Detected change in 'C:\\Users\\porte\\Desktop\\study-buddy-app\\app.py', reloading
INFO:werkzeug: * Restarting with stat
WARNING:werkzeug: * Debugger is active!
INFO:werkzeug: * Debugger PIN: 114-773-968
INFO:werkzeug: * Detected change in 'C:\\Users\\porte\\Desktop\\study-buddy-app\\app.py', reloading
INFO:werkzeug: * Restarting with stat
WARNING:werkzeug: * Debugger is active!
INFO:werkzeug: * Debugger PIN: 112-573-005
INFO:werkzeug: * Detected change in 'C:\\Users\\porte\\Desktop\\study-buddy-app\\app.py', reloading
INFO:werkzeug: * Restarting with stat
WARNING:werkzeug: * Debugger is active!
INFO:werkzeug: * Debugger PIN: 112-573-005
INFO:werkzeug: * Detected change in 'C:\\Users\\porte\\Desktop\\study-buddy-app\\app.py', reloading
INFO:werkzeug: * Restarting with stat
WARNING:werkzeug: * Debugger is active!
INFO:werkzeug: * Debugger PIN: 114-773-968
INFO:werkzeug: * Detected change in 'C:\\Users\\porte\\Desktop\\study-buddy-app\\app.py', reloading
INFO:werkzeug: * Restarting with stat
WARNING:werkzeug: * Debugger is active!
INFO:werkzeug: * Debugger PIN: 112-573-005
INFO:werkzeug: * Detected change in 'C:\\Users\\porte\\Desktop\\study-buddy-app\\app.py', reloading
INFO:werkzeug: * Restarting with stat
WARNING:werkzeug: * Debugger is active!
INFO:werkzeug: * Debugger PIN: 112-573-005
INFO:werkzeug: * Detected change in 'C:\\Users\\porte\\Desktop\\study-buddy-app\\app.py', reloading
INFO:werkzeug: * Restarting with stat
WARNING:werkzeug: * Debugger is active!
INFO:werkzeug: * Debugger PIN: 112-573-005
INFO:werkzeug: * Detected change in 'C:\\Users\\porte\\Desktop\\study-buddy-app\\app.py', reloading
INFO:werkzeug: * Restarting with stat
WARNING:werkzeug: * Debugger is active!
INFO:werkzeug: * Debugger PIN: 112-573-005
INFO:werkzeug: * Detected change in 'C:\\Users\\porte\\Desktop\\study-buddy-app\\app.py', reloading
INFO:werkzeug: * Restarting with stat
WARNING:werkzeug: * Debugger is active!
INFO:werkzeug: * Debugger PIN: 112-573-005
INFO:werkzeug: * Detected change in 'C:\\Users\\porte\\Desktop\\study-buddy-app\\app.py', reloading
INFO:werkzeug: * Restarting with stat
WARNING:werkzeug: * Debugger is active!
INFO:werkzeug: * Debugger PIN: 112-573-005
INFO:werkzeug: * Detected change in 'C:\\Users\\porte\\Desktop\\study-buddy-app\\app.py', reloading
INFO:werkzeug: * Restarting with stat
WARNING:werkzeug: * Debugger is active!
INFO:werkzeug: * Debugger PIN: 114-773-968
INFO:werkzeug: * Detected change in 'C:\\Users\\porte\\Desktop\\study-buddy-app\\app.py', reloading
INFO:werkzeug: * Restarting with stat
WARNING:werkzeug: * Debugger is active!
INFO:werkzeug: * Debugger PIN: 112-573-005
INFO:werkzeug: * Detected change in 'C:\\Users\\porte\\Desktop\\study-buddy-app\\app.py', reloading
INFO:werkzeug: * Restarting with stat
WARNING:werkzeug: * Debugger is active!
INFO:werkzeug: * Debugger PIN: 112-573-005
INFO:werkzeug: * Detected change in 'C:\\Users\\porte\\Desktop\\study-buddy-app\\app.py', reloading
INFO:werkzeug: * Restarting with stat
WARNING:werkzeug: * Debugger is active!
INFO:werkzeug: * Debugger PIN: 112-573-005
INFO:werkzeug: * Detected change in 'C:\\Users\\porte\\Desktop\\study-buddy-app\\app.py', reloading
INFO:werkzeug: * Restarting with stat
INFO:werkzeug: * Restarting with stat
INFO:werkzeug: * Restarting with stat
INFO:werkzeug: * Restarting with stat
INFO:werkzeug: * Restarting with stat
INFO:werkzeug: * Restarting with stat
INFO:werkzeug: * Restarting with stat
INFO:werkzeug: * Restarting with stat
INFO:werkzeug: * Restarting with stat
INFO:werkzeug: * Restarting with stat
INFO:werkzeug: * Restarting with stat
INFO:werkzeug: * Restarting with stat
INFO:werkzeug: * Restarting with stat
INFO:werkzeug: * Restarting with stat
INFO:werkzeug: * Restarting with stat
INFO:werkzeug: * Restarting with stat
INFO:werkzeug: * Restarting with stat
WARNING:werkzeug: * Debugger is active!
INFO:werkzeug: * Debugger PIN: 112-573-005
INFO:werkzeug: * Detected change in 'C:\\Users\\porte\\Desktop\\study-buddy-app\\app.py', reloading
INFO:werkzeug: * Restarting with stat
WARNING:werkzeug: * Debugger is active!
INFO:werkzeug: * Debugger PIN: 112-573-005
INFO:werkzeug: * Detected change in 'C:\\Users\\porte\\Desktop\\study-buddy-app\\app.py', reloading
INFO:werkzeug: * Restarting with stat
WARNING:werkzeug: * Debugger is active!
INFO:werkzeug: * Debugger PIN: 112-573-005
INFO:werkzeug:[31m[1mWARNING: This is a development server. Do not use it in a production deployment. Use a production WSGI server instead.[0m
 * Running on http://127.0.0.1:5000
INFO:werkzeug:[33mPress CTRL+C to quit[0m
INFO:werkzeug: * Restarting with stat
WARNING:werkzeug: * Debugger is active!
INFO:werkzeug: * Debugger PIN: 112-573-005
INFO:werkzeug: * Detected change in 'C:\\Users\\porte\\Desktop\\study-buddy-app\\app.py', reloading
INFO:werkzeug: * Restarting with stat
WARNING:werkzeug: * Debugger is active!
INFO:werkzeug: * Debugger PIN: 114-773-968
INFO:werkzeug: * Detected change in 'C:\\Users\\porte\\Desktop\\study-buddy-app\\app.py', reloading
INFO:werkzeug: * Restarting with stat
WARNING:werkzeug: * Debugger is active!
INFO:werkzeug: * Debugger PIN: 114-773-968
INFO:werkzeug: * Detected change in 'C:\\Users\\porte\\Desktop\\study-buddy-app\\app.py', reloading
INFO:werkzeug: * Restarting with stat
WARNING:werkzeug: * Debugger is active!
INFO:werkzeug: * Debugger PIN: 112-573-005
INFO:werkzeug: * Detected change in 'C:\\Users\\porte\\Desktop\\study-buddy-app\\app.py', reloading
INFO:werkzeug: * Restarting with stat
WARNING:werkzeug: * Debugger is active!
INFO:werkzeug: * Debugger PIN: 112-573-005
INFO:werkzeug: * Detected change in 'C:\\Users\\porte\\Desktop\\study-buddy-app\\app.py', reloading
INFO:werkzeug: * Restarting with stat
WARNING:werkzeug: * Debugger is active!
INFO:werkzeug: * Debugger PIN: 112-573-005
INFO:werkzeug: * Detected change in 'C:\\Users\\porte\\Desktop\\study-buddy-app\\app.py', reloading
INFO:werkzeug: * Restarting with stat
WARNING:werkzeug: * Debugger is active!
INFO:werkzeug: * Debugger PIN: 114-773-968
INFO:werkzeug: * Detected change in 'C:\\Users\\porte\\Desktop\\study-buddy-app\\app.py', reloading
INFO:werkzeug: * Restarting with stat
WARNING:werkzeug: * Debugger is active!
INFO:werkzeug: * Debugger PIN: 112-573-005
INFO:werkzeug: * Detected change in 'C:\\Users\\porte\\Desktop\\study-buddy-app\\app.py', reloading
INFO:werkzeug: * Restarting with stat
WARNING:werkzeug: * Debugger is active!
INFO:werkzeug: * Debugger PIN: 112-573-005
INFO:werkzeug: * Detected change in 'C:\\Users\\porte\\Desktop\\study-buddy-app\\app.py', reloading
INFO:werkzeug: * Restarting with stat
INFO:werkzeug: * Restarting with stat
INFO:werkzeug: * Restarting with stat
INFO:werkzeug: * Restarting with stat
WARNING:werkzeug: * Debugger is active!
INFO:werkzeug: * Debugger PIN: 112-573-005
INFO:werkzeug: * Detected change in 'C:\\Users\\porte\\Desktop\\study-buddy-app\\app.py', reloading
INFO:werkzeug: * Restarting with stat
WARNING:werkzeug: * Debugger is active!
INFO:werkzeug: * Debugger PIN: 112-573-005
INFO:werkzeug: * Detected change in 'C:\\Users\\porte\\Desktop\\study-buddy-app\\app.py', reloading
INFO:werkzeug: * Restarting with stat
INFO:werkzeug: * Restarting with stat
INFO:werkzeug: * Restarting with stat
WARNING:werkzeug: * Debugger is active!
INFO:werkzeug: * Debugger PIN: 112-573-005
INFO:werkzeug: * Detected change in 'C:\\Users\\porte\\Desktop\\study-buddy-app\\app.py', reloading
INFO:werkzeug: * Restarting with stat
WARNING:werkzeug: * Debugger is active!
INFO:werkzeug: * Debugger PIN: 112-573-005
INFO:werkzeug: * Detected change in 'C:\\Users\\porte\\Desktop\\study-buddy-app\\app.py', reloading
INFO:werkzeug: * Restarting with stat
WARNING:werkzeug: * Debugger is active!
INFO:werkzeug: * Debugger PIN: 112-573-005
INFO:werkzeug: * Detected change in 'C:\\Users\\porte\\Desktop\\study-buddy-app\\app.py', reloading
INFO:werkzeug: * Restarting with stat
WARNING:werkzeug: * Debugger is active!
INFO:werkzeug: * Debugger PIN: 112-573-005
INFO:werkzeug: * Detected change in 'C:\\Users\\porte\\Desktop\\study-buddy-app\\app.py', reloading
INFO:werkzeug: * Restarting with stat
WARNING:werkzeug: * Debugger is active!
INFO:werkzeug: * Debugger PIN: 112-573-005
INFO:werkzeug: * Detected change in 'C:\\Users\\porte\\Desktop\\study-buddy-app\\app.py', reloading
INFO:werkzeug: * Restarting with stat
WARNING:werkzeug: * Debugger is active!
INFO:werkzeug: * Debugger PIN: 112-573-005
INFO:werkzeug: * Detected change in 'C:\\Users\\porte\\Desktop\\study-buddy-app\\app.py', reloading
INFO:werkzeug: * Restarting with stat
INFO:werkzeug: * Restarting with stat
INFO:werkzeug: * Restarting with stat
WARNING:werkzeug: * Debugger is active!
INFO:werkzeug: * Debugger PIN: 114-773-968
INFO:werkzeug: * Detected change in 'C:\\Users\\porte\\Desktop\\study-buddy-app\\app.py', reloading
INFO:werkzeug: * Restarting with stat
WARNING:werkzeug: * Debugger is active!
INFO:werkzeug: * Debugger PIN: 114-773-968
INFO:werkzeug: * Detected change in 'C:\\Users\\porte\\Desktop\\study-buddy-app\\app.py', reloading
INFO:werkzeug: * Restarting with stat
WARNING:werkzeug: * Debugger is active!
INFO:werkzeug: * Debugger PIN: 114-773-968
INFO:werkzeug: * Detected change in 'C:\\Users\\porte\\Desktop\\study-buddy-app\\app.py', reloading
INFO:werkzeug: * Restarting with stat
WARNING:werkzeug: * Debugger is active!
INFO:werkzeug: * Debugger PIN: 114-773-968
INFO:werkzeug: * Detected change in 'C:\\Users\\porte\\Desktop\\study-buddy-app\\app.py', reloading
INFO:werkzeug: * Restarting with stat
INFO:werkzeug: * Restarting with stat
WARNING:werkzeug: * Debugger is active!
INFO:werkzeug: * Debugger PIN: 114-773-968
INFO:werkzeug: * Detected change in 'C:\\Users\\porte\\Desktop\\study-buddy-app\\app.py', reloading
INFO:werkzeug: * Restarting with stat
WARNING:werkzeug: * Debugger is active!
INFO:werkzeug: * Debugger PIN: 114-773-968
INFO:werkzeug: * Detected change in 'C:\\Users\\porte\\Desktop\\study-buddy-app\\app.py', reloading
INFO:werkzeug: * Restarting with stat
WARNING:werkzeug: * Debugger is active!
INFO:werkzeug: * Debugger PIN: 114-773-968
INFO:werkzeug: * Detected change in 'C:\\Users\\porte\\Desktop\\study-buddy-app\\app.py', reloading
INFO:werkzeug: * Restarting with stat
WARNING:werkzeug: * Debugger is active!
INFO:werkzeug: * Debugger PIN: 114-773-968
INFO:werkzeug: * Detected change in 'C:\\Users\\porte\\Desktop\\study-buddy-app\\app.py', reloading
INFO:werkzeug: * Restarting with stat
WARNING:werkzeug: * Debugger is active!
INFO:werkzeug: * Debugger PIN: 112-573-005
INFO:werkzeug: * Detected change in 'C:\\Users\\porte\\Desktop\\study-buddy-app\\app.py', reloading
INFO:werkzeug: * Restarting with stat
INFO:werkzeug: * Restarting with stat
INFO:werkzeug: * Restarting with stat
INFO:werkzeug: * Restarting with stat
INFO:werkzeug: * Restarting with stat
INFO:werkzeug: * Restarting with stat
INFO:werkzeug: * Restarting with stat
INFO:werkzeug: * Restarting with stat
INFO:werkzeug: * Restarting with stat
INFO:werkzeug: * Restarting with stat
INFO:werkzeug: * Restarting with stat
INFO:werkzeug: * Restarting with stat
INFO:werkzeug: * Restarting with stat
WARNING:werkzeug: * Debugger is active!
INFO:werkzeug: * Debugger PIN: 112-573-005
INFO:werkzeug: * Detected change in 'C:\\Users\\porte\\Desktop\\study-buddy-app\\app.py', reloading
INFO:werkzeug: * Restarting with stat
WARNING:werkzeug: * Debugger is active!
INFO:werkzeug: * Debugger PIN: 112-573-005
INFO:werkzeug: * Detected change in 'C:\\Users\\porte\\Desktop\\study-buddy-app\\app.py', reloading
INFO:werkzeug: * Restarting with stat
WARNING:werkzeug: * Debugger is active!
INFO:werkzeug: * Debugger PIN: 112-573-005
INFO:werkzeug: * Detected change in 'C:\\Users\\porte\\Desktop\\study-buddy-app\\app.py', reloading
INFO:werkzeug: * Restarting with stat
WARNING:werkzeug: * Debugger is active!
INFO:werkzeug: * Debugger PIN: 112-573-005
INFO:werkzeug: * Detected change in 'C:\\Users\\porte\\Desktop\\study-buddy-app\\app.py', reloading
INFO:werkzeug: * Restarting with stat
WARNING:werkzeug: * Debugger is active!
INFO:werkzeug: * Debugger PIN: 112-573-005
INFO:werkzeug: * Detected change in 'C:\\Users\\porte\\Desktop\\study-buddy-app\\app.py', reloading
INFO:werkzeug: * Restarting with stat
WARNING:werkzeug: * Debugger is active!
INFO:werkzeug: * Debugger PIN: 112-573-005
INFO:werkzeug: * Detected change in 'C:\\Users\\porte\\Desktop\\study-buddy-app\\app.py', reloading
